<?xml version="1.0" encoding="UTF-8"?>
<!-- Generated by org.testng.reporters.JUnitReportReporter -->
<testsuite skipped="0" hostname="mds-MacBook-Pro.local" name="com.testngrunner.TestRunner" tests="1" failures="0" timestamp="23 Apr 2018 19:48:09 GMT" time="12.157" errors="0">
  <testcase name="feature" time="12.157" classname="com.testngrunner.TestRunner"/>
</testsuite> <!-- com.testngrunner.TestRunner -->
